Arguments: 
  C:\Program Files\nodejs\node.exe C:\Users\rocto\AppData\Roaming\npm\node_modules\yarn\bin\yarn.js install

PATH: 
  C:\Program Files\Common Files\Oracle\Java\javapath;C:\Windows\system32;C:\Windows;C:\Windows\System32\Wbem;C:\Windows\System32\WindowsPowerShell\v1.0\;C:\Windows\System32\OpenSSH\;C:\Program Files\NVIDIA Corporation\NVIDIA NvDLISR;C:\Program Files (x86)\NVIDIA Corporation\PhysX\Common;C:\Program Files\nodejs\;C:\Program Files\Git\cmd;C:\Program Files\NASM;C:\mingw64\bin;;C:\Program Files\Docker\Docker\resources\bin;C:\ProgramData\DockerDesktop\version-bin;C:\Users\rocto\AppData\Local\Programs\Python\Python310\Scripts\;C:\Users\rocto\AppData\Local\Programs\Python\Python310\;C:\Users\rocto\AppData\Local\Microsoft\WindowsApps;C:\Users\rocto\AppData\Roaming\npm;C:\Users\rocto\AppData\Local\GitHubDesktop\bin

Yarn version: 
  1.22.17

Node version: 
  16.14.0

Platform: 
  win32 x64

Trace: 
  Error: EPERM: operation not permitted, unlink 'C:\Users\rocto\gdrive\projects\js\comgrid-solid\node_modules\esbuild-windows-64\esbuild.exe'

npm manifest: 
  {
    "name": "vite-template-solid",
    "version": "0.0.0",
    "description": "",
    "scripts": {
      "start": "vite",
      "dev": "vite",
      "build": "vite build",
      "serve": "vite preview"
    },
    "license": "MIT",
    "devDependencies": {
      "typescript": "^4.6.4",
      "vite": "^2.9.9",
      "vite-plugin-solid": "^2.2.6"
    },
    "dependencies": {
      "solid-bootstrap": "^1.0.8",
      "solid-js": "^1.4.2"
    }
  }

yarn manifest: 
  No manifest

Lockfile: 
  # THIS IS AN AUTOGENERATED FILE. DO NOT EDIT THIS FILE DIRECTLY.
  # yarn lockfile v1
  
  
  "@ampproject/remapping@^2.1.0":
    "integrity" "sha512-qRmjj8nj9qmLTQXXmaR1cck3UXSRMPrbsLJAasZpF+t3riI71BXed5ebIOYwQntykeZuhjsdweEc9BxH5Jc26w=="
    "resolved" "https://registry.npmjs.org/@ampproject/remapping/-/remapping-2.2.0.tgz"
    "version" "2.2.0"
    dependencies:
      "@jridgewell/gen-mapping" "^0.1.0"
      "@jridgewell/trace-mapping" "^0.3.9"
  
  "@babel/code-frame@^7.16.7":
    "integrity" "sha512-iAXqUn8IIeBTNd72xsFlgaXHkMBMt6y4HJp1tIaK465CWLT/fG1aqB7ykr95gHHmlBdGbFeWWfyB4NJJ0nmeIg=="
    "resolved" "https://registry.npmjs.org/@babel/code-frame/-/code-frame-7.16.7.tgz"
    "version" "7.16.7"
    dependencies:
      "@babel/highlight" "^7.16.7"
  
  "@babel/compat-data@^7.17.10":
    "integrity" "sha512-GZt/TCsG70Ms19gfZO1tM4CVnXsPgEPBCpJu+Qz3L0LUDsY5nZqFZglIoPC1kIYOtNBZlrnFT+klg12vFGZXrw=="
    "resolved" "https://registry.npmjs.org/@babel/compat-data/-/compat-data-7.17.10.tgz"
    "version" "7.17.10"
  
  "@babel/core@^7.0.0", "@babel/core@^7.0.0-0", "@babel/core@^7.16.12":
    "integrity" "sha512-A8pri1YJiC5UnkdrWcmfZTJTV85b4UXTAfImGmCfYmax4TR9Cw8sDS0MOk++Gp2mE/BefVJ5nwy5yzqNJbP/DQ=="
    "resolved" "https://registry.npmjs.org/@babel/core/-/core-7.18.2.tgz"
    "version" "7.18.2"
    dependencies:
      "@ampproject/remapping" "^2.1.0"
      "@babel/code-frame" "^7.16.7"
      "@babel/generator" "^7.18.2"
      "@babel/helper-compilation-targets" "^7.18.2"
      "@babel/helper-module-transforms" "^7.18.0"
      "@babel/helpers" "^7.18.2"
      "@babel/parser" "^7.18.0"
      "@babel/template" "^7.16.7"
      "@babel/traverse" "^7.18.2"
      "@babel/types" "^7.18.2"
      "convert-source-map" "^1.7.0"
      "debug" "^4.1.0"
      "gensync" "^1.0.0-beta.2"
      "json5" "^2.2.1"
      "semver" "^6.3.0"
  
  "@babel/generator@^7.16.0", "@babel/generator@^7.18.2":
    "integrity" "sha512-W1lG5vUwFvfMd8HVXqdfbuG7RuaSrTCCD8cl8fP8wOivdbtbIg2Db3IWUcgvfxKbbn6ZBGYRW/Zk1MIwK49mgw=="
    "resolved" "https://registry.npmjs.org/@babel/generator/-/generator-7.18.2.tgz"
    "version" "7.18.2"
    dependencies:
      "@babel/types" "^7.18.2"
      "@jridgewell/gen-mapping" "^0.3.0"
      "jsesc" "^2.5.1"
  
  "@babel/helper-annotate-as-pure@^7.16.7":
    "integrity" "sha512-s6t2w/IPQVTAET1HitoowRGXooX8mCgtuP5195wD/QJPV6wYjpujCGF7JuMODVX2ZAJOf1GT6DT9MHEZvLOFSw=="
    "resolved" "https://registry.npmjs.org/@babel/helper-annotate-as-pure/-/helper-annotate-as-pure-7.16.7.tgz"
    "version" "7.16.7"
    dependencies:
      "@babel/types" "^7.16.7"
  
  "@babel/helper-compilation-targets@^7.18.2":
    "integrity" "sha512-s1jnPotJS9uQnzFtiZVBUxe67CuBa679oWFHpxYYnTpRL/1ffhyX44R9uYiXoa/pLXcY9H2moJta0iaanlk/rQ=="
    "resolved" "https://registry.npmjs.org/@babel/helper-compilation-targets/-/helper-compilation-targets-7.18.2.tgz"
    "version" "7.18.2"
    dependencies:
      "@babel/compat-data" "^7.17.10"
      "@babel/helper-validator-option" "^7.16.7"
      "browserslist" "^4.20.2"
      "semver" "^6.3.0"
  
  "@babel/helper-create-class-features-plugin@^7.18.0":
    "integrity" "sha512-Kh8zTGR9de3J63e5nS0rQUdRs/kbtwoeQQ0sriS0lItjC96u8XXZN6lKpuyWd2coKSU13py/y+LTmThLuVX0Pg=="
    "resolved" "https://registry.npmjs.org/@babel/helper-create-class-features-plugin/-/helper-create-class-features-plugin-7.18.0.tgz"
    "version" "7.18.0"
    dependencies:
      "@babel/helper-annotate-as-pure" "^7.16.7"
      "@babel/helper-environment-visitor" "^7.16.7"
      "@babel/helper-function-name" "^7.17.9"
      "@babel/helper-member-expression-to-functions" "^7.17.7"
      "@babel/helper-optimise-call-expression" "^7.16.7"
      "@babel/helper-replace-supers" "^7.16.7"
      "@babel/helper-split-export-declaration" "^7.16.7"
  
  "@babel/helper-environment-visitor@^7.16.7", "@babel/helper-environment-visitor@^7.18.2":
    "integrity" "sha512-14GQKWkX9oJzPiQQ7/J36FTXcD4kSp8egKjO9nINlSKiHITRA9q/R74qu8S9xlc/b/yjsJItQUeeh3xnGN0voQ=="
    "resolved" "https://registry.npmjs.org/@babel/helper-environment-visitor/-/helper-environment-visitor-7.18.2.tgz"
    "version" "7.18.2"
  
  "@babel/helper-function-name@^7.17.9":
    "integrity" "sha512-7cRisGlVtiVqZ0MW0/yFB4atgpGLWEHUVYnb448hZK4x+vih0YO5UoS11XIYtZYqHd0dIPMdUSv8q5K4LdMnIg=="
    "resolved" "https://registry.npmjs.org/@babel/helper-function-name/-/helper-function-name-7.17.9.tgz"
    "version" "7.17.9"
    dependencies:
      "@babel/template" "^7.16.7"
      "@babel/types" "^7.17.0"
  
  "@babel/helper-hoist-variables@^7.16.7":
    "integrity" "sha512-m04d/0Op34H5v7pbZw6pSKP7weA6lsMvfiIAMeIvkY/R4xQtBSMFEigu9QTZ2qB/9l22vsxtM8a+Q8CzD255fg=="
    "resolved" "https://registry.npmjs.org/@babel/helper-hoist-variables/-/helper-hoist-variables-7.16.7.tgz"
    "version" "7.16.7"
    dependencies:
      "@babel/types" "^7.16.7"
  
  "@babel/helper-member-expression-to-functions@^7.17.7":
    "integrity" "sha512-thxXgnQ8qQ11W2wVUObIqDL4p148VMxkt5T/qpN5k2fboRyzFGFmKsTGViquyM5QHKUy48OZoca8kw4ajaDPyw=="
    "resolved" "https://registry.npmjs.org/@babel/helper-member-expression-to-functions/-/helper-member-expression-to-functions-7.17.7.tgz"
    "version" "7.17.7"
    dependencies:
      "@babel/types" "^7.17.0"
  
  "@babel/helper-module-imports@^7.16.0", "@babel/helper-module-imports@^7.16.7":
    "integrity" "sha512-LVtS6TqjJHFc+nYeITRo6VLXve70xmq7wPhWTqDJusJEgGmkAACWwMiTNrvfoQo6hEhFwAIixNkvB0jPXDL8Wg=="
    "resolved" "https://registry.npmjs.org/@babel/helper-module-imports/-/helper-module-imports-7.16.7.tgz"
    "version" "7.16.7"
    dependencies:
      "@babel/types" "^7.16.7"
  
  "@babel/helper-module-imports@7.16.0":
    "integrity" "sha512-kkH7sWzKPq0xt3H1n+ghb4xEMP8k0U7XV3kkB+ZGy69kDk2ySFW1qPi06sjKzFY3t1j6XbJSqr4mF9L7CYVyhg=="
    "resolved" "https://registry.npmjs.org/@babel/helper-module-imports/-/helper-module-imports-7.16.0.tgz"
    "version" "7.16.0"
    dependencies:
      "@babel/types" "^7.16.0"
  
  "@babel/helper-module-transforms@^7.18.0":
    "integrity" "sha512-kclUYSUBIjlvnzN2++K9f2qzYKFgjmnmjwL4zlmU5f8ZtzgWe8s0rUPSTGy2HmK4P8T52MQsS+HTQAgZd3dMEA=="
    "resolved" "https://registry.npmjs.org/@babel/helper-module-transforms/-/helper-module-transforms-7.18.0.tgz"
    "version" "7.18.0"
    dependencies:
      "@babel/helper-environment-visitor" "^7.16.7"
      "@babel/helper-module-imports" "^7.16.7"
      "@babel/helper-simple-access" "^7.17.7"
      "@babel/helper-split-export-declaration" "^7.16.7"
      "@babel/helper-validator-identifier" "^7.16.7"
      "@babel/template" "^7.16.7"
      "@babel/traverse" "^7.18.0"
      "@babel/types" "^7.18.0"
  
  "@babel/helper-optimise-call-expression@^7.16.7":
    "integrity" "sha512-EtgBhg7rd/JcnpZFXpBy0ze1YRfdm7BnBX4uKMBd3ixa3RGAE002JZB66FJyNH7g0F38U05pXmA5P8cBh7z+1w=="
    "resolved" "https://registry.npmjs.org/@babel/helper-optimise-call-expression/-/helper-optimise-call-expression-7.16.7.tgz"
    "version" "7.16.7"
    dependencies:
      "@babel/types" "^7.16.7"
  
  "@babel/helper-plugin-utils@^7.17.12":
    "integrity" "sha512-JDkf04mqtN3y4iAbO1hv9U2ARpPyPL1zqyWs/2WG1pgSq9llHFjStX5jdxb84himgJm+8Ng+x0oiWF/nw/XQKA=="
    "resolved" "https://registry.npmjs.org/@babel/helper-plugin-utils/-/helper-plugin-utils-7.17.12.tgz"
    "version" "7.17.12"
  
  "@babel/helper-replace-supers@^7.16.7":
    "integrity" "sha512-XzAIyxx+vFnrOxiQrToSUOzUOn0e1J2Li40ntddek1Y69AXUTXoDJ40/D5RdjFu7s7qHiaeoTiempZcbuVXh2Q=="
    "resolved" "https://registry.npmjs.org/@babel/helper-replace-supers/-/helper-replace-supers-7.18.2.tgz"
    "version" "7.18.2"
    dependencies:
      "@babel/helper-environment-visitor" "^7.18.2"
      "@babel/helper-member-expression-to-functions" "^7.17.7"
      "@babel/helper-optimise-call-expression" "^7.16.7"
      "@babel/traverse" "^7.18.2"
      "@babel/types" "^7.18.2"
  
  "@babel/helper-simple-access@^7.17.7":
    "integrity" "sha512-7LIrjYzndorDY88MycupkpQLKS1AFfsVRm2k/9PtKScSy5tZq0McZTj+DiMRynboZfIqOKvo03pmhTaUgiD6fQ=="
    "resolved" "https://registry.npmjs.org/@babel/helper-simple-access/-/helper-simple-access-7.18.2.tgz"
    "version" "7.18.2"
    dependencies:
      "@babel/types" "^7.18.2"
  
  "@babel/helper-split-export-declaration@^7.16.7":
    "integrity" "sha512-xbWoy/PFoxSWazIToT9Sif+jJTlrMcndIsaOKvTA6u7QEo7ilkRZpjew18/W3c7nm8fXdUDXh02VXTbZ0pGDNw=="
    "resolved" "https://registry.npmjs.org/@babel/helper-split-export-declaration/-/helper-split-export-declaration-7.16.7.tgz"
    "version" "7.16.7"
    dependencies:
      "@babel/types" "^7.16.7"
  
  "@babel/helper-validator-identifier@^7.16.7":
    "integrity" "sha512-hsEnFemeiW4D08A5gUAZxLBTXpZ39P+a+DGDsHw1yxqyQ/jzFEnxf5uTEGp+3bzAbNOxU1paTgYS4ECU/IgfDw=="
    "resolved" "https://registry.npmjs.org/@babel/helper-validator-identifier/-/helper-validator-identifier-7.16.7.tgz"
    "version" "7.16.7"
  
  "@babel/helper-validator-option@^7.16.7":
    "integrity" "sha512-TRtenOuRUVo9oIQGPC5G9DgK4743cdxvtOw0weQNpZXaS16SCBi5MNjZF8vba3ETURjZpTbVn7Vvcf2eAwFozQ=="
    "resolved" "https://registry.npmjs.org/@babel/helper-validator-option/-/helper-validator-option-7.16.7.tgz"
    "version" "7.16.7"
  
  "@babel/helpers@^7.18.2":
    "integrity" "sha512-j+d+u5xT5utcQSzrh9p+PaJX94h++KN+ng9b9WEJq7pkUPAd61FGqhjuUEdfknb3E/uDBb7ruwEeKkIxNJPIrg=="
    "resolved" "https://registry.npmjs.org/@babel/helpers/-/helpers-7.18.2.tgz"
    "version" "7.18.2"
    dependencies:
      "@babel/template" "^7.16.7"
      "@babel/traverse" "^7.18.2"
      "@babel/types" "^7.18.2"
  
  "@babel/highlight@^7.16.7":
    "integrity" "sha512-7yykMVF3hfZY2jsHZEEgLc+3x4o1O+fYyULu11GynEUQNwB6lua+IIQn1FiJxNucd5UlyJryrwsOh8PL9Sn8Qg=="
    "resolved" "https://registry.npmjs.org/@babel/highlight/-/highlight-7.17.12.tgz"
    "version" "7.17.12"
    dependencies:
      "@babel/helper-validator-identifier" "^7.16.7"
      "chalk" "^2.0.0"
      "js-tokens" "^4.0.0"
  
  "@babel/parser@^7.16.7", "@babel/parser@^7.18.0":
    "integrity" "sha512-AqDccGC+m5O/iUStSJy3DGRIUFu7WbY/CppZYwrEUB4N0tZlnI8CSTsgL7v5fHVFmUbRv2sd+yy27o8Ydt4MGg=="
    "resolved" "https://registry.npmjs.org/@babel/parser/-/parser-7.18.0.tgz"
    "version" "7.18.0"
  
  "@babel/plugin-syntax-jsx@^7.16.5":
    "integrity" "sha512-spyY3E3AURfxh/RHtjx5j6hs8am5NbUBGfcZ2vB3uShSpZdQyXSf5rR5Mk76vbtlAZOelyVQ71Fg0x9SG4fsog=="
    "resolved" "https://registry.npmjs.org/@babel/plugin-syntax-jsx/-/plugin-syntax-jsx-7.17.12.tgz"
    "version" "7.17.12"
    dependencies:
      "@babel/helper-plugin-utils" "^7.17.12"
  
  "@babel/plugin-syntax-typescript@^7.17.12":
    "integrity" "sha512-TYY0SXFiO31YXtNg3HtFwNJHjLsAyIIhAhNWkQ5whPPS7HWUFlg9z0Ta4qAQNjQbP1wsSt/oKkmZ/4/WWdMUpw=="
    "resolved" "https://registry.npmjs.org/@babel/plugin-syntax-typescript/-/plugin-syntax-typescript-7.17.12.tgz"
    "version" "7.17.12"
    dependencies:
      "@babel/helper-plugin-utils" "^7.17.12"
  
  "@babel/plugin-transform-typescript@^7.17.12":
    "integrity" "sha512-F+RJmL479HJmC0KeqqwEGZMg1P7kWArLGbAKfEi9yPthJyMNjF+DjxFF/halfQvq1Q9GFM4TUbYDNV8xe4Ctqg=="
    "resolved" "https://registry.npmjs.org/@babel/plugin-transform-typescript/-/plugin-transform-typescript-7.18.1.tgz"
    "version" "7.18.1"
    dependencies:
      "@babel/helper-create-class-features-plugin" "^7.18.0"
      "@babel/helper-plugin-utils" "^7.17.12"
      "@babel/plugin-syntax-typescript" "^7.17.12"
  
  "@babel/preset-typescript@^7.16.7":
    "integrity" "sha512-S1ViF8W2QwAKUGJXxP9NAfNaqGDdEBJKpYkxHf5Yy2C4NPPzXGeR3Lhk7G8xJaaLcFTRfNjVbtbVtm8Gb0mqvg=="
    "resolved" "https://registry.npmjs.org/@babel/preset-typescript/-/preset-typescript-7.17.12.tgz"
    "version" "7.17.12"
    dependencies:
      "@babel/helper-plugin-utils" "^7.17.12"
      "@babel/helper-validator-option" "^7.16.7"
      "@babel/plugin-transform-typescript" "^7.17.12"
  
  "@babel/runtime@^7.8.7":
    "integrity" "sha512-38Y8f7YUhce/K7RMwTp7m0uCumpv9hZkitCbBClqQIow1qSbCvGkcegKOXpEWCQLfWmevgRiWokZ1GkpfhbZug=="
    "resolved" "https://registry.npmjs.org/@babel/runtime/-/runtime-7.18.3.tgz"
    "version" "7.18.3"
    dependencies:
      "regenerator-runtime" "^0.13.4"
  
  "@babel/template@^7.16.7":
    "integrity" "sha512-I8j/x8kHUrbYRTUxXrrMbfCa7jxkE7tZre39x3kjr9hvI82cK1FfqLygotcWN5kdPGWcLdWMHpSBavse5tWw3w=="
    "resolved" "https://registry.npmjs.org/@babel/template/-/template-7.16.7.tgz"
    "version" "7.16.7"
    dependencies:
      "@babel/code-frame" "^7.16.7"
      "@babel/parser" "^7.16.7"
      "@babel/types" "^7.16.7"
  
  "@babel/traverse@^7.18.0", "@babel/traverse@^7.18.2":
    "integrity" "sha512-9eNwoeovJ6KH9zcCNnENY7DMFwTU9JdGCFtqNLfUAqtUHRCOsTOqWoffosP8vKmNYeSBUv3yVJXjfd8ucwOjUA=="
    "resolved" "https://registry.npmjs.org/@babel/traverse/-/traverse-7.18.2.tgz"
    "version" "7.18.2"
    dependencies:
      "@babel/code-frame" "^7.16.7"
      "@babel/generator" "^7.18.2"
      "@babel/helper-environment-visitor" "^7.18.2"
      "@babel/helper-function-name" "^7.17.9"
      "@babel/helper-hoist-variables" "^7.16.7"
      "@babel/helper-split-export-declaration" "^7.16.7"
      "@babel/parser" "^7.18.0"
      "@babel/types" "^7.18.2"
      "debug" "^4.1.0"
      "globals" "^11.1.0"
  
  "@babel/types@^7.16.0", "@babel/types@^7.16.7", "@babel/types@^7.17.0", "@babel/types@^7.18.0", "@babel/types@^7.18.2":
    "integrity" "sha512-0On6B8A4/+mFUto5WERt3EEuG1NznDirvwca1O8UwXQHVY8g3R7OzYgxXdOfMwLO08UrpUD/2+3Bclyq+/C94Q=="
    "resolved" "https://registry.npmjs.org/@babel/types/-/types-7.18.2.tgz"
    "version" "7.18.2"
    dependencies:
      "@babel/helper-validator-identifier" "^7.16.7"
      "to-fast-properties" "^2.0.0"
  
  "@jridgewell/gen-mapping@^0.1.0":
    "integrity" "sha512-sQXCasFk+U8lWYEe66WxRDOE9PjVz4vSM51fTu3Hw+ClTpUSQb718772vH3pyS5pShp6lvQM7SxgIDXXXmOX7w=="
    "resolved" "https://registry.npmjs.org/@jridgewell/gen-mapping/-/gen-mapping-0.1.1.tgz"
    "version" "0.1.1"
    dependencies:
      "@jridgewell/set-array" "^1.0.0"
      "@jridgewell/sourcemap-codec" "^1.4.10"
  
  "@jridgewell/gen-mapping@^0.3.0":
    "integrity" "sha512-GcHwniMlA2z+WFPWuY8lp3fsza0I8xPFMWL5+n8LYyP6PSvPrXf4+n8stDHZY2DM0zy9sVkRDy1jDI4XGzYVqg=="
    "resolved" "https://registry.npmjs.org/@jridgewell/gen-mapping/-/gen-mapping-0.3.1.tgz"
    "version" "0.3.1"
    dependencies:
      "@jridgewell/set-array" "^1.0.0"
      "@jridgewell/sourcemap-codec" "^1.4.10"
      "@jridgewell/trace-mapping" "^0.3.9"
  
  "@jridgewell/resolve-uri@^3.0.3":
    "integrity" "sha512-8cXDaBBHOr2pQ7j77Y6Vp5VDT2sIqWyWQ56TjEq4ih/a4iST3dItRe8Q9fp0rrIl9DoKhWQtUQz/YpOxLkXbNA=="
    "resolved" "https://registry.npmjs.org/@jridgewell/resolve-uri/-/resolve-uri-3.0.7.tgz"
    "version" "3.0.7"
  
  "@jridgewell/set-array@^1.0.0":
    "integrity" "sha512-Ct5MqZkLGEXTVmQYbGtx9SVqD2fqwvdubdps5D3djjAkgkKwT918VNOz65pEHFaYTeWcukmJmH5SwsA9Tn2ObQ=="
    "resolved" "https://registry.npmjs.org/@jridgewell/set-array/-/set-array-1.1.1.tgz"
    "version" "1.1.1"
  
  "@jridgewell/sourcemap-codec@^1.4.10":
    "integrity" "sha512-GryiOJmNcWbovBxTfZSF71V/mXbgcV3MewDe3kIMCLyIh5e7SKAeUZs+rMnJ8jkMolZ/4/VsdBmMrw3l+VdZ3w=="
    "resolved" "https://registry.npmjs.org/@jridgewell/sourcemap-codec/-/sourcemap-codec-1.4.13.tgz"
    "version" "1.4.13"
  
  "@jridgewell/trace-mapping@^0.3.9":
    "integrity" "sha512-o1xbKhp9qnIAoHJSWd6KlCZfqslL4valSF81H8ImioOAxluWYWOpWkpyktY2vnt4tbrX9XYaxovq6cgowaJp2w=="
    "resolved" "https://registry.npmjs.org/@jridgewell/trace-mapping/-/trace-mapping-0.3.13.tgz"
    "version" "0.3.13"
    dependencies:
      "@jridgewell/resolve-uri" "^3.0.3"
      "@jridgewell/sourcemap-codec" "^1.4.10"
  
  "@popperjs/core@^2.10.1":
    "integrity" "sha512-9X2obfABZuDVLCgPK9aX0a/x4jaOEweTTWE2+9sr0Qqqevj2Uv5XorvusThmc9XGYpS9yI+fhh8RTafBtGposw=="
    "resolved" "https://registry.npmjs.org/@popperjs/core/-/core-2.11.5.tgz"
    "version" "2.11.5"
  
  "ansi-styles@^3.2.1":
    "integrity" "sha512-VT0ZI6kZRdTh8YyJw3SMbYm/u+NqfsAxEpWO0Pf9sq8/e94WxxOpPKx9FR1FlyCtOVDNOQ+8ntlqFxiRc+r5qA=="
    "resolved" "https://registry.npmjs.org/ansi-styles/-/ansi-styles-3.2.1.tgz"
    "version" "3.2.1"
    dependencies:
      "color-convert" "^1.9.0"
  
  "babel-plugin-jsx-dom-expressions@^0.33.7":
    "integrity" "sha512-2RsP7+i8KAd7EPxw3L1mJ9YGhxF56YJ0qQgWgPRiWWECzmxd3RYc+gaIwPw0yZRTN5Z0xQfa+3yTdNgDzq36dQ=="
    "resolved" "https://registry.npmjs.org/babel-plugin-jsx-dom-expressions/-/babel-plugin-jsx-dom-expressions-0.33.7.tgz"
    "version" "0.33.7"
    dependencies:
      "@babel/helper-module-imports" "7.16.0"
      "@babel/plugin-syntax-jsx" "^7.16.5"
      "@babel/types" "^7.16.0"
      "html-entities" "2.3.2"
  
  "babel-preset-solid@^1.3.0":
    "integrity" "sha512-dDAYTT4UcBvUjdnlf1SOBNTospI/L1wWyzrMxEie3B4Auofo0lSFaCc95Pn5AZY8sdAew13Rp4a1ImByIsZlsQ=="
    "resolved" "https://registry.npmjs.org/babel-preset-solid/-/babel-preset-solid-1.4.2.tgz"
    "version" "1.4.2"
    dependencies:
      "babel-plugin-jsx-dom-expressions" "^0.33.7"
  
  "browserslist@^4.20.2":
    "integrity" "sha512-NBhymBQl1zM0Y5dQT/O+xiLP9/rzOIQdKM/eMJBAq7yBgaB6krIYLGejrwVYnSHZdqjscB1SPuAjHwxjvN6Wdg=="
    "resolved" "https://registry.npmjs.org/browserslist/-/browserslist-4.20.3.tgz"
    "version" "4.20.3"
    dependencies:
      "caniuse-lite" "^1.0.30001332"
      "electron-to-chromium" "^1.4.118"
      "escalade" "^3.1.1"
      "node-releases" "^2.0.3"
      "picocolors" "^1.0.0"
  
  "caniuse-lite@^1.0.30001332":
    "integrity" "sha512-bn6sOCu7L7jcbBbyNhLg0qzXdJ/PMbybZTH/BA6Roet9wxYRm6Tr9D0s0uhLkOZ6MSG+QU6txUgdpr3MXIVqjA=="
    "resolved" "https://registry.npmjs.org/caniuse-lite/-/caniuse-lite-1.0.30001342.tgz"
    "version" "1.0.30001342"
  
  "chalk@^2.0.0":
    "integrity" "sha512-Mti+f9lpJNcwF4tWV8/OrTTtF1gZi+f8FqlyAdouralcFWFQWF2+NgCHShjkCb+IFBLq9buZwE1xckQU4peSuQ=="
    "resolved" "https://registry.npmjs.org/chalk/-/chalk-2.4.2.tgz"
    "version" "2.4.2"
    dependencies:
      "ansi-styles" "^3.2.1"
      "escape-string-regexp" "^1.0.5"
      "supports-color" "^5.3.0"
  
  "color-convert@^1.9.0":
    "integrity" "sha512-QfAUtd+vFdAtFQcC8CCyYt1fYWxSqAiK2cSD6zDB8N3cpsEBAvRxp9zOGg6G/SHHJYAT88/az/IuDGALsNVbGg=="
    "resolved" "https://registry.npmjs.org/color-convert/-/color-convert-1.9.3.tgz"
    "version" "1.9.3"
    dependencies:
      "color-name" "1.1.3"
  
  "color-name@1.1.3":
    "integrity" "sha1-p9BVi9icQveV3UIyj3QIMcpTvCU="
    "resolved" "https://registry.npmjs.org/color-name/-/color-name-1.1.3.tgz"
    "version" "1.1.3"
  
  "convert-source-map@^1.7.0":
    "integrity" "sha512-+OQdjP49zViI/6i7nIJpA8rAl4sV/JdPfU9nZs3VqOwGIgizICvuN2ru6fMd+4llL0tar18UYJXfZ/TWtmhUjA=="
    "resolved" "https://registry.npmjs.org/convert-source-map/-/convert-source-map-1.8.0.tgz"
    "version" "1.8.0"
    dependencies:
      "safe-buffer" "~5.1.1"
  
  "csstype@^3.0.2":
    "integrity" "sha512-uX1KG+x9h5hIJsaKR9xHUeUraxf8IODOwq9JLNPq6BwB04a/xgpq3rcx47l5BZu5zBPlgD342tdke3Hom/nJRA=="
    "resolved" "https://registry.npmjs.org/csstype/-/csstype-3.1.0.tgz"
    "version" "3.1.0"
  
  "debug@^4.1.0":
    "integrity" "sha512-PRWFHuSU3eDtQJPvnNY7Jcket1j0t5OuOsFzPPzsekD52Zl8qUfFIPEiswXqIvHWGVHOgX+7G/vCNNhehwxfkQ=="
    "resolved" "https://registry.npmjs.org/debug/-/debug-4.3.4.tgz"
    "version" "4.3.4"
    dependencies:
      "ms" "2.1.2"
  
  "dom-helpers@^5.2.0":
    "integrity" "sha512-nRCa7CK3VTrM2NmGkIy4cbK7IZlgBE/PYMn55rrXefr5xXDP0LdtfPnblFDoVdcAfslJ7or6iqAUnx0CCGIWQA=="
    "resolved" "https://registry.npmjs.org/dom-helpers/-/dom-helpers-5.2.1.tgz"
    "version" "5.2.1"
    dependencies:
      "@babel/runtime" "^7.8.7"
      "csstype" "^3.0.2"
  
  "electron-to-chromium@^1.4.118":
    "integrity" "sha512-IOyp2Seq3w4QLln+yZWcMF3VXhhduz4bwg9gfI+CnP5TkzwNXQ8FCZuwwPsnes73AfWdf5J2n2OXdUwDUspDPQ=="
    "resolved" "https://registry.npmjs.org/electron-to-chromium/-/electron-to-chromium-1.4.138.tgz"
    "version" "1.4.138"
  
  "esbuild-windows-64@0.14.39":
    "integrity" "sha512-E2wm+5FwCcLpKsBHRw28bSYQw0Ikxb7zIMxw3OPAkiaQhLVr3dnVO8DofmbWhhf6b97bWzg37iSZ45ZDpLw7Ow=="
    "resolved" "https://registry.npmjs.org/esbuild-windows-64/-/esbuild-windows-64-0.14.39.tgz"
    "version" "0.14.39"
  
  "esbuild@^0.14.27":
    "integrity" "sha512-2kKujuzvRWYtwvNjYDY444LQIA3TyJhJIX3Yo4+qkFlDDtGlSicWgeHVJqMUP/2sSfH10PGwfsj+O2ro1m10xQ=="
    "resolved" "https://registry.npmjs.org/esbuild/-/esbuild-0.14.39.tgz"
    "version" "0.14.39"
    optionalDependencies:
      "esbuild-android-64" "0.14.39"
      "esbuild-android-arm64" "0.14.39"
      "esbuild-darwin-64" "0.14.39"
      "esbuild-darwin-arm64" "0.14.39"
      "esbuild-freebsd-64" "0.14.39"
      "esbuild-freebsd-arm64" "0.14.39"
      "esbuild-linux-32" "0.14.39"
      "esbuild-linux-64" "0.14.39"
      "esbuild-linux-arm" "0.14.39"
      "esbuild-linux-arm64" "0.14.39"
      "esbuild-linux-mips64le" "0.14.39"
      "esbuild-linux-ppc64le" "0.14.39"
      "esbuild-linux-riscv64" "0.14.39"
      "esbuild-linux-s390x" "0.14.39"
      "esbuild-netbsd-64" "0.14.39"
      "esbuild-openbsd-64" "0.14.39"
      "esbuild-sunos-64" "0.14.39"
      "esbuild-windows-32" "0.14.39"
      "esbuild-windows-64" "0.14.39"
      "esbuild-windows-arm64" "0.14.39"
  
  "escalade@^3.1.1":
    "integrity" "sha512-k0er2gUkLf8O0zKJiAhmkTnJlTvINGv7ygDNPbeIsX/TJjGJZHuh9B2UxbsaEkmlEo9MfhrSzmhIlhRlI2GXnw=="
    "resolved" "https://registry.npmjs.org/escalade/-/escalade-3.1.1.tgz"
    "version" "3.1.1"
  
  "escape-string-regexp@^1.0.5":
    "integrity" "sha1-G2HAViGQqN/2rjuyzwIAyhMLhtQ="
    "resolved" "https://registry.npmjs.org/escape-string-regexp/-/escape-string-regexp-1.0.5.tgz"
    "version" "1.0.5"
  
  "function-bind@^1.1.1":
    "integrity" "sha512-yIovAzMX49sF8Yl58fSCWJ5svSLuaibPxXQJFLmBObTuCr0Mf1KiPopGM9NiFjiYBCbfaa2Fh6breQ6ANVTI0A=="
    "resolved" "https://registry.npmjs.org/function-bind/-/function-bind-1.1.1.tgz"
    "version" "1.1.1"
  
  "gensync@^1.0.0-beta.2":
    "integrity" "sha512-3hN7NaskYvMDLQY55gnW3NQ+mesEAepTqlg+VEbj7zzqEMBVNhzcGYYeqFo/TlYz6eQiFcp1HcsCZO+nGgS8zg=="
    "resolved" "https://registry.npmjs.org/gensync/-/gensync-1.0.0-beta.2.tgz"
    "version" "1.0.0-beta.2"
  
  "globals@^11.1.0":
    "integrity" "sha512-WOBp/EEGUiIsJSp7wcv/y6MO+lV9UoncWqxuFfm8eBwzWNgyfBd6Gz+IeKQ9jCmyhoH99g15M3T+QaVHFjizVA=="
    "resolved" "https://registry.npmjs.org/globals/-/globals-11.12.0.tgz"
    "version" "11.12.0"
  
  "has-flag@^3.0.0":
    "integrity" "sha1-tdRU3CGZriJWmfNGfloH87lVuv0="
    "resolved" "https://registry.npmjs.org/has-flag/-/has-flag-3.0.0.tgz"
    "version" "3.0.0"
  
  "has@^1.0.3":
    "integrity" "sha512-f2dvO0VU6Oej7RkWJGrehjbzMAjFp5/VKPp5tTpWIV4JHHZK1/BxbFRtf/siA2SWTe09caDmVtYYzWEIbBS4zw=="
    "resolved" "https://registry.npmjs.org/has/-/has-1.0.3.tgz"
    "version" "1.0.3"
    dependencies:
      "function-bind" "^1.1.1"
  
  "html-entities@2.3.2":
    "integrity" "sha512-c3Ab/url5ksaT0WyleslpBEthOzWhrjQbg75y7XUsfSzi3Dgzt0l8w5e7DylRn15MTlMMD58dTfzddNS2kcAjQ=="
    "resolved" "https://registry.npmjs.org/html-entities/-/html-entities-2.3.2.tgz"
    "version" "2.3.2"
  
  "is-core-module@^2.8.1":
    "integrity" "sha512-+5FPy5PnwmO3lvfMb0AsoPaBG+5KHUI0wYFXOtYPnVVVspTFUuMZNfNaNVRt3FZadstu2c8x23vykRW/NBoU6A=="
    "resolved" "https://registry.npmjs.org/is-core-module/-/is-core-module-2.9.0.tgz"
    "version" "2.9.0"
    dependencies:
      "has" "^1.0.3"
  
  "is-what@^4.1.6":
    "integrity" "sha512-DBVOQNiPKnGMxRMLIYSwERAS5MVY1B7xYiGnpgctsOFvVDz9f9PFXXxMcTOHuoqYp4NK9qFYQaIC1NRRxLMpBQ=="
    "resolved" "https://registry.npmjs.org/is-what/-/is-what-4.1.7.tgz"
    "version" "4.1.7"
  
  "js-tokens@^4.0.0":
    "integrity" "sha512-RdJUflcE3cUzKiMqQgsCu06FPu9UdIJO0beYbPhHN4k6apgJtifcoCtT9bcxOpYBtpD2kCM6Sbzg4CausW/PKQ=="
    "resolved" "https://registry.npmjs.org/js-tokens/-/js-tokens-4.0.0.tgz"
    "version" "4.0.0"
  
  "jsesc@^2.5.1":
    "integrity" "sha512-OYu7XEzjkCQ3C5Ps3QIZsQfNpqoJyZZA99wd9aWd05NCtC5pWOkShK2mkL6HXQR6/Cy2lbNdPlZBpuQHXE63gA=="
    "resolved" "https://registry.npmjs.org/jsesc/-/jsesc-2.5.2.tgz"
    "version" "2.5.2"
  
  "json5@^2.2.1":
    "integrity" "sha512-1hqLFMSrGHRHxav9q9gNjJ5EXznIxGVO09xQRrwplcS8qs28pZ8s8hupZAmqDwZUmVZ2Qb2jnyPOWcDH8m8dlA=="
    "resolved" "https://registry.npmjs.org/json5/-/json5-2.2.1.tgz"
    "version" "2.2.1"
  
  "merge-anything@^5.0.2":
    "integrity" "sha512-POPQBWkBC0vxdgzRJ2Mkj4+2NTKbvkHo93ih+jGDhNMLzIw+rYKjO7949hOQM2X7DxMHH1uoUkwWFLIzImw7gA=="
    "resolved" "https://registry.npmjs.org/merge-anything/-/merge-anything-5.0.2.tgz"
    "version" "5.0.2"
    dependencies:
      "is-what" "^4.1.6"
      "ts-toolbelt" "^9.6.0"
  
  "ms@2.1.2":
    "integrity" "sha512-sGkPx+VjMtmA6MX27oA4FBFELFCZZ4S4XqeGOXCv68tT+jb3vk/RyaKWP0PTKyWtmLSM0b+adUTEvbs1PEaH2w=="
    "resolved" "https://registry.npmjs.org/ms/-/ms-2.1.2.tgz"
    "version" "2.1.2"
  
  "nanoid@^3.3.4":
    "integrity" "sha512-MqBkQh/OHTS2egovRtLk45wEyNXwF+cokD+1YPf9u5VfJiRdAiRwB2froX5Co9Rh20xs4siNPm8naNotSD6RBw=="
    "resolved" "https://registry.npmjs.org/nanoid/-/nanoid-3.3.4.tgz"
    "version" "3.3.4"
  
  "node-releases@^2.0.3":
    "integrity" "sha512-U9h1NLROZTq9uE1SNffn6WuPDg8icmi3ns4rEl/oTfIle4iLjTliCzgTsbaIFMq/Xn078/lfY/BL0GWZ+psK4Q=="
    "resolved" "https://registry.npmjs.org/node-releases/-/node-releases-2.0.5.tgz"
    "version" "2.0.5"
  
  "path-parse@^1.0.7":
    "integrity" "sha512-LDJzPVEEEPR+y48z93A0Ed0yXb8pAByGWo/k5YYdYgpY2/2EsOsksJrq7lOHxryrVOn1ejG6oAp8ahvOIQD8sw=="
    "resolved" "https://registry.npmjs.org/path-parse/-/path-parse-1.0.7.tgz"
    "version" "1.0.7"
  
  "picocolors@^1.0.0":
    "integrity" "sha512-1fygroTLlHu66zi26VoTDv8yRgm0Fccecssto+MhsZ0D/DGW2sm8E8AjW7NU5VVTRt5GxbeZ5qBuJr+HyLYkjQ=="
    "resolved" "https://registry.npmjs.org/picocolors/-/picocolors-1.0.0.tgz"
    "version" "1.0.0"
  
  "postcss@^8.4.13":
    "integrity" "sha512-E398TUmfAYFPBSdzgeieK2Y1+1cpdxJx8yXbK/m57nRhKSmk1GB2tO4lbLBtlkfPQTDKfe4Xqv1ASWPpayPEig=="
    "resolved" "https://registry.npmjs.org/postcss/-/postcss-8.4.14.tgz"
    "version" "8.4.14"
    dependencies:
      "nanoid" "^3.3.4"
      "picocolors" "^1.0.0"
      "source-map-js" "^1.0.2"
  
  "regenerator-runtime@^0.13.4":
    "integrity" "sha512-p3VT+cOEgxFsRRA9X4lkI1E+k2/CtnKtU4gcxyaCUreilL/vqI6CdZ3wxVUx3UOUg+gnUOQQcRI7BmSI656MYA=="
    "resolved" "https://registry.npmjs.org/regenerator-runtime/-/regenerator-runtime-0.13.9.tgz"
    "version" "0.13.9"
  
  "resolve@^1.22.0":
    "integrity" "sha512-Hhtrw0nLeSrFQ7phPp4OOcVjLPIeMnRlr5mcnVuMe7M/7eBn98A3hmFRLoFo3DLZkivSYwhRUJTyPyWAk56WLw=="
    "resolved" "https://registry.npmjs.org/resolve/-/resolve-1.22.0.tgz"
    "version" "1.22.0"
    dependencies:
      "is-core-module" "^2.8.1"
      "path-parse" "^1.0.7"
      "supports-preserve-symlinks-flag" "^1.0.0"
  
  "rollup@^2.59.0":
    "integrity" "sha512-K2zW7kV8Voua5eGkbnBtWYfMIhYhT9Pel2uhBk2WO5eMee161nPze/XRfvEQPFYz7KgrCCnmh2Wy0AMFLGGmMA=="
    "resolved" "https://registry.npmjs.org/rollup/-/rollup-2.74.1.tgz"
    "version" "2.74.1"
    optionalDependencies:
      "fsevents" "~2.3.2"
  
  "safe-buffer@~5.1.1":
    "integrity" "sha512-Gd2UZBJDkXlY7GbJxfsE8/nvKkUEU1G38c1siN6QP6a9PT9MmHB8GnpscSmMJSoF8LOIrt8ud/wPtojys4G6+g=="
    "resolved" "https://registry.npmjs.org/safe-buffer/-/safe-buffer-5.1.2.tgz"
    "version" "5.1.2"
  
  "semver@^6.3.0":
    "integrity" "sha512-b39TBaTSfV6yBrapU89p5fKekE2m/NwnDocOVruQFS1/veMgdzuPcnOM34M6CwxW8jH/lxEa5rBoDeUwu5HHTw=="
    "resolved" "https://registry.npmjs.org/semver/-/semver-6.3.0.tgz"
    "version" "6.3.0"
  
  "solid-bootstrap-core@^1.0.8":
    "integrity" "sha512-dTENS1ZjmFq26NbE3RYOzIXziebc3Y2Cfq8K7mVWilBU+OZo8GFl3+gVxY378GX+kJYfkLGw9KyDsk+1AsKhOQ=="
    "resolved" "https://registry.npmjs.org/solid-bootstrap-core/-/solid-bootstrap-core-1.0.8.tgz"
    "version" "1.0.8"
    dependencies:
      "@popperjs/core" "^2.10.1"
      "dom-helpers" "^5.2.0"
      "solid-react-transition" "^1.0.8"
  
  "solid-bootstrap@^1.0.8":
    "integrity" "sha512-0/qJMkmq0AuQX10fdUKVKJi8mc2w4pKBZ3nPUrohCRx/iCt16CKrfHxRrzfjl0veeBOcC0obg6DbTg4HB4qQQA=="
    "resolved" "https://registry.npmjs.org/solid-bootstrap/-/solid-bootstrap-1.0.8.tgz"
    "version" "1.0.8"
    dependencies:
      "dom-helpers" "^5.2.0"
      "solid-bootstrap-core" "^1.0.8"
      "solid-react-transition" "^1.0.8"
  
  "solid-js@^1.3.0", "solid-js@^1.3.3", "solid-js@^1.4.2", "solid-js@>=1.2.5":
    "integrity" "sha512-IU5yKuT8P/n5F5g8j1rTXqxUdPYmoZDk/074TG94AEYf/nyXAeG82BSge4/lLIbCfUcnGUJ6DRdebIjujOAYyg=="
    "resolved" "https://registry.npmjs.org/solid-js/-/solid-js-1.4.2.tgz"
    "version" "1.4.2"
  
  "solid-react-transition@^1.0.8":
    "integrity" "sha512-7i00fI2BdkI+S1wi8XIQU+tRugMU1wccF3cnTKe3om9slCdQRFeDYzBGSn4Q/wdK+JLIA5MrC0k1oKyF7ysxuA=="
    "resolved" "https://registry.npmjs.org/solid-react-transition/-/solid-react-transition-1.0.8.tgz"
    "version" "1.0.8"
  
  "solid-refresh@^0.4.0":
    "integrity" "sha512-5XCUz845n/sHPzKK2i2G2EeV61tAmzv6SqzqhXcPaYhrgzVy7nKTQaBpKK8InKrriq9Z2JFF/mguIU00t/73xw=="
    "resolved" "https://registry.npmjs.org/solid-refresh/-/solid-refresh-0.4.0.tgz"
    "version" "0.4.0"
    dependencies:
      "@babel/generator" "^7.16.0"
      "@babel/helper-module-imports" "^7.16.0"
      "@babel/types" "^7.16.0"
  
  "source-map-js@^1.0.2":
    "integrity" "sha512-R0XvVJ9WusLiqTCEiGCmICCMplcCkIwwR11mOSD9CR5u+IXYdiseeEuXCVAjS54zqwkLcPNnmU4OeJ6tUrWhDw=="
    "resolved" "https://registry.npmjs.org/source-map-js/-/source-map-js-1.0.2.tgz"
    "version" "1.0.2"
  
  "supports-color@^5.3.0":
    "integrity" "sha512-QjVjwdXIt408MIiAqCX4oUKsgU2EqAGzs2Ppkm4aQYbjm+ZEWEcW4SfFNTr4uMNZma0ey4f5lgLrkB0aX0QMow=="
    "resolved" "https://registry.npmjs.org/supports-color/-/supports-color-5.5.0.tgz"
    "version" "5.5.0"
    dependencies:
      "has-flag" "^3.0.0"
  
  "supports-preserve-symlinks-flag@^1.0.0":
    "integrity" "sha512-ot0WnXS9fgdkgIcePe6RHNk1WA8+muPa6cSjeR3V8K27q9BB1rTE3R1p7Hv0z1ZyAc8s6Vvv8DIyWf681MAt0w=="
    "resolved" "https://registry.npmjs.org/supports-preserve-symlinks-flag/-/supports-preserve-symlinks-flag-1.0.0.tgz"
    "version" "1.0.0"
  
  "to-fast-properties@^2.0.0":
    "integrity" "sha1-3F5pjL0HkmW8c+A3doGk5Og/YW4="
    "resolved" "https://registry.npmjs.org/to-fast-properties/-/to-fast-properties-2.0.0.tgz"
    "version" "2.0.0"
  
  "ts-toolbelt@^9.6.0":
    "integrity" "sha512-nsZd8ZeNUzukXPlJmTBwUAuABDe/9qtVDelJeT/qW0ow3ZS3BsQJtNkan1802aM9Uf68/Y8ljw86Hu0h5IUW3w=="
    "resolved" "https://registry.npmjs.org/ts-toolbelt/-/ts-toolbelt-9.6.0.tgz"
    "version" "9.6.0"
  
  "typescript@^4.6.4":
    "integrity" "sha512-Mamb1iX2FDUpcTRzltPxgWMKy3fhg0TN378ylbktPGPK/99KbDtMQ4W1hwgsbPAsG3a0xKa1vmw4VKZQbkvz5A=="
    "resolved" "https://registry.npmjs.org/typescript/-/typescript-4.7.2.tgz"
    "version" "4.7.2"
  
  "vite-plugin-solid@^2.2.6":
    "integrity" "sha512-J1RnmqkZZJSNYDW7vZj0giKKHLWGr9tS/gxR70WDSTYfhyXrgukbZdIfSEFbtrsg8ZiQ2t2zXcvkWoeefenqKw=="
    "resolved" "https://registry.npmjs.org/vite-plugin-solid/-/vite-plugin-solid-2.2.6.tgz"
    "version" "2.2.6"
    dependencies:
      "@babel/core" "^7.16.12"
      "@babel/preset-typescript" "^7.16.7"
      "babel-preset-solid" "^1.3.0"
      "merge-anything" "^5.0.2"
      "solid-js" "^1.3.3"
      "solid-refresh" "^0.4.0"
      "vite" "^2.8.0"
  
  "vite@^2.8.0", "vite@^2.9.9":
    "integrity" "sha512-ffaam+NgHfbEmfw/Vuh6BHKKlI/XIAhxE5QSS7gFLIngxg171mg1P3a4LSRME0z2ZU1ScxoKzphkipcYwSD5Ew=="
    "resolved" "https://registry.npmjs.org/vite/-/vite-2.9.9.tgz"
    "version" "2.9.9"
    dependencies:
      "esbuild" "^0.14.27"
      "postcss" "^8.4.13"
      "resolve" "^1.22.0"
      "rollup" "^2.59.0"
    optionalDependencies:
      "fsevents" "~2.3.2"
